<?xml version="1.0" encoding="UTF-8"?>
<!-- Generated by org.testng.reporters.JUnitReportReporter -->
<testsuite skipped="0" hostname="DESKTOP-6CPCAFM" name="com.techinfuse.test.MytestNgTest" tests="4" failures="0" timestamp="2020-04-01T10:13:01 MDT" time="8.339" errors="0">
  <testcase name="mytest2" time="0.002" classname="com.techinfuse.test.MytestNgTest"/>
  <system-out/>
  <testcase name="mytest3" time="4.795" classname="com.techinfuse.test.MytestNgTest"/>
  <system-out/>
  <testcase name="mytest4" time="3.537" classname="com.techinfuse.test.MytestNgTest"/>
  <system-out/>
  <testcase name="mytest1" time="0.005" classname="com.techinfuse.test.MytestNgTest"/>
  <system-out/>
</testsuite> <!-- com.techinfuse.test.MytestNgTest -->
