<?xml version="1.0" encoding="UTF-8"?>
<!-- Generated by org.testng.reporters.JUnitReportReporter -->
<testsuite skipped="0" hostname="DESKTOP-6CPCAFM" name="testingasserts" tests="1" failures="0" timestamp="2020-04-14T12:10:24 MDT" time="0.085" errors="0">
  <testcase name="f" time="0.085" classname="testingasserts"/>
  <system-out/>
</testsuite> <!-- testingasserts -->
