<?xml version="1.0" encoding="UTF-8"?>
<!-- Generated by org.testng.reporters.JUnitReportReporter -->
<testsuite skipped="0" hostname="DESKTOP-6CPCAFM" name="memeberlogin.LoginTest" tests="3" failures="0" timestamp="2020-03-25T23:37:54 MDT" time="24.555" errors="0">
  <testcase name="Mytest1" time="18.463" classname="memeberlogin.LoginTest"/>
  <system-out/>
  <testcase name="Mytest2" time="6.090" classname="memeberlogin.LoginTest"/>
  <system-out/>
  <testcase name="Mytest" time="0.002" classname="memeberlogin.LoginTest"/>
  <system-out/>
</testsuite> <!-- memeberlogin.LoginTest -->
