<?xml version="1.0" encoding="UTF-8"?>
<!-- Generated by org.testng.reporters.JUnitReportReporter -->
<testsuite skipped="0" hostname="DESKTOP-6CPCAFM" name="memeberlogin.LoginTest2" tests="3" failures="0" timestamp="2020-04-01T10:13:01 MDT" time="21.806" errors="0">
  <testcase name="Mytest1" time="17.320" classname="memeberlogin.LoginTest2"/>
  <system-out/>
  <testcase name="Mytest2" time="4.484" classname="memeberlogin.LoginTest2"/>
  <system-out/>
  <testcase name="Mytest" time="0.002" classname="memeberlogin.LoginTest2"/>
  <system-out/>
</testsuite> <!-- memeberlogin.LoginTest2 -->
