<?xml version="1.0" encoding="UTF-8"?>
<!-- Generated by org.testng.reporters.JUnitReportReporter -->
<testsuite skipped="0" hostname="DESKTOP-6CPCAFM" name="com.techinfuse.test.MytestNgtTest" tests="4" failures="0" timestamp="2020-03-28T11:11:56 MDT" time="10.099" errors="0">
  <testcase name="mytest2" time="0.015" classname="com.techinfuse.test.MytestNgtTest"/>
  <system-out/>
  <testcase name="mytest3" time="5.427" classname="com.techinfuse.test.MytestNgtTest"/>
  <system-out/>
  <testcase name="mytest1" time="0.003" classname="com.techinfuse.test.MytestNgtTest"/>
  <system-out/>
  <testcase name="mytest4" time="4.654" classname="com.techinfuse.test.MytestNgtTest"/>
  <system-out/>
</testsuite> <!-- com.techinfuse.test.MytestNgtTest -->
