<?xml version="1.0" encoding="UTF-8"?>
<!-- Generated by org.testng.reporters.JUnitReportReporter -->
<testsuite skipped="0" hostname="DESKTOP-6CPCAFM" name="com.lead.test.POMTest" tests="2" failures="0" timestamp="2021-10-02T18:31:51 MDT" time="16.338" errors="0">
  <testcase name="init" time="4.292" classname="com.lead.test.POMTest"/>
  <system-out/>
  <testcase name="LeadCreation" time="12.046" classname="com.lead.test.POMTest"/>
  <system-out/>
</testsuite> <!-- com.lead.test.POMTest -->
