<?xml version="1.0" encoding="UTF-8"?>
<!-- Generated by org.testng.reporters.JUnitReportReporter -->
<testsuite skipped="0" hostname="DESKTOP-6CPCAFM" name="com.lead.test.LoginTest" tests="1" failures="0" timestamp="2021-10-02T18:37:37 MDT" time="4.795" errors="0">
  <testcase name="init" time="4.795" classname="com.lead.test.LoginTest"/>
  <system-out/>
</testsuite> <!-- com.lead.test.LoginTest -->
