<?xml version="1.0" encoding="UTF-8"?>
<!-- Generated by org.testng.reporters.JUnitReportReporter -->
<testsuite skipped="0" hostname="DESKTOP-6CPCAFM" name="memeberlogin.cssvaluetesting" tests="1" failures="0" timestamp="2020-05-22T20:24:53 MDT" time="0.068" errors="0">
  <testcase name="f" time="0.068" classname="memeberlogin.cssvaluetesting"/>
  <system-out/>
</testsuite> <!-- memeberlogin.cssvaluetesting -->
