<?xml version="1.0" encoding="UTF-8"?>
<!-- Generated by org.testng.reporters.JUnitReportReporter -->
<testsuite skipped="0" hostname="DESKTOP-6CPCAFM" name="memeberlogin.testingasserts" tests="1" failures="0" timestamp="2020-04-14T22:42:01 MDT" time="0.061" errors="0">
  <testcase name="f" time="0.061" classname="memeberlogin.testingasserts"/>
  <system-out/>
</testsuite> <!-- memeberlogin.testingasserts -->
