<?xml version="1.0" encoding="UTF-8"?>
<!-- Generated by org.testng.reporters.JUnitReportReporter -->
<testsuite skipped="0" hostname="DESKTOP-6CPCAFM" name="memeberlogin.Asserttesting" tests="1" failures="0" timestamp="2020-06-10T22:24:21 MDT" time="0.064" errors="0">
  <testcase name="f" time="0.064" classname="memeberlogin.Asserttesting"/>
  <system-out/>
</testsuite> <!-- memeberlogin.Asserttesting -->
