<?xml version="1.0" encoding="UTF-8"?>
<!-- Generated by org.testng.reporters.JUnitReportReporter -->
<testsuite skipped="0" hostname="DESKTOP-6CPCAFM" name="com.lead.test.TestNGLeadCreateionTest" tests="2" failures="0" timestamp="2021-10-01T11:11:07 MDT" time="7.261" errors="0">
  <testcase name="Mytest1" time="7.259" classname="com.lead.test.TestNGLeadCreateionTest"/>
  <system-out/>
  <testcase name="Mytest" time="0.002" classname="com.lead.test.TestNGLeadCreateionTest"/>
  <system-out/>
</testsuite> <!-- com.lead.test.TestNGLeadCreateionTest -->
