<?xml version="1.0" encoding="UTF-8"?>
<!-- Generated by org.testng.reporters.JUnitReportReporter -->
<testsuite skipped="0" hostname="DESKTOP-6CPCAFM" name="com.lead.test.TestNGLoginTest" tests="2" failures="0" timestamp="2021-10-02T16:32:35 MDT" time="21.498" errors="0">
  <testcase name="LoginSFDC" time="11.593" classname="com.lead.test.TestNGLoginTest"/>
  <system-out/>
  <testcase name="LeadCreation" time="9.905" classname="com.lead.test.TestNGLoginTest"/>
  <system-out/>
</testsuite> <!-- com.lead.test.TestNGLoginTest -->
